<?xml version="1.0" encoding="UTF-8"?><testsuite errors="1" failures="0" name="Compra de productos" skipped="0" tests="1" time="0.03" timestamp="2024-09-03 10:21:19"><testcase name="Agregar 2 productos al carro de compras."><error type="java.lang.reflect.InvocationTargetException"/><system-err>null&#13;
cucumber.runner.UnskipableStep.executeStep(UnskipableStep.java:22)&#13;
cucumber.runner.Runner.runPickle(Runner.java:80)&#13;
org.eclipse.jdt.internal.junit4.runner.JUnit4TestReference.run(JUnit4TestReference.java:93)&#13;
org.eclipse.jdt.internal.junit.runner.TestExecution.run(TestExecution.java:40)&#13;
org.eclipse.jdt.internal.junit.runner.RemoteTestRunner.runTests(RemoteTestRunner.java:530)&#13;
org.eclipse.jdt.internal.junit.runner.RemoteTestRunner.runTests(RemoteTestRunner.java:758)&#13;
org.eclipse.jdt.internal.junit.runner.RemoteTestRunner.run(RemoteTestRunner.java:453)&#13;
org.eclipse.jdt.internal.junit.runner.RemoteTestRunner.main(RemoteTestRunner.java:211)&#13;
</system-err></testcase></testsuite>